<?xml version="1.0" encoding="UTF-8"?>
<!-- Generated by org.testng.reporters.JUnitReportReporter -->
<testsuite hostname="Asus_KJP" failures="0" tests="3" name="TestNG.DependsonMethod" time="0.012" errors="0" timestamp="2024-10-14T18:53:23 PDT" skipped="0">
  <testcase classname="TestNG.DependsonMethod" name="createProduct" time="0.009"/>
  <testcase classname="TestNG.DependsonMethod" name="ModifyProduct" time="0.001"/>
  <testcase classname="TestNG.DependsonMethod" name="DeleteProduct" time="0.002"/>
</testsuite> <!-- TestNG.DependsonMethod -->
