<?xml version="1.0" encoding="UTF-8"?>
<!-- Generated by org.testng.reporters.JUnitReportReporter -->
<testsuite hostname="Asus_KJP" failures="0" tests="1" name="TestNG.SampleTest" time="0.010" errors="0" timestamp="2024-10-13T19:59:35 PDT" skipped="0">
  <testcase classname="TestNG.SampleTest" name="createProduct" time="0.010"/>
</testsuite> <!-- TestNG.SampleTest -->
