<?xml version="1.0" encoding="UTF-8"?>
<!-- Generated by org.testng.reporters.JUnitReportReporter -->
<testsuite hostname="Asus_KJP" failures="0" tests="3" name="TestNG.DataProvider1" time="0.011" errors="0" timestamp="2024-10-14T19:34:45 PDT" skipped="0">
  <testcase classname="TestNG.DataProvider1" name="bookTickets" time="0.005"/>
  <testcase classname="TestNG.DataProvider1" name="bookTickets" time="0.004"/>
  <testcase classname="TestNG.DataProvider1" name="bookTickets" time="0.002"/>
</testsuite> <!-- TestNG.DataProvider1 -->
