<?xml version="1.0" encoding="UTF-8"?>
<!-- Generated by org.testng.reporters.JUnitReportReporter -->
<testsuite hostname="Asus_KJP" failures="0" tests="4" name="TestNG.enabled" time="0.014" errors="0" timestamp="2024-10-14T18:58:18 PDT" skipped="1">
  <testcase classname="TestNG.enabled" name="DeleteProduct" time="0.001"/>
  <testcase classname="TestNG.enabled" name="createProduct" time="0.001"/>
  <testcase classname="TestNG.enabled" name="DeleteProduct" time="0.012"/>
  <testcase classname="TestNG.enabled" name="ModifyProduct">
    <skipped/>
  </testcase> <!-- ModifyProduct -->
</testsuite> <!-- TestNG.enabled -->
