<?xml version="1.0" encoding="UTF-8"?>
<!-- Generated by org.testng.reporters.JUnitReportReporter -->
<testsuite hostname="Asus_KJP" failures="0" tests="1" name="Annotations.CreateCampaignsTest" time="29.199" errors="0" timestamp="2024-10-15T22:36:40 PDT" skipped="0">
  <testcase classname="Annotations.CreateCampaignsTest" name="createCampaignsTest" time="29.199"/>
</testsuite> <!-- Annotations.CreateCampaignsTest -->
