<?xml version="1.0" encoding="UTF-8"?>
<!-- Generated by org.testng.reporters.JUnitReportReporter -->
<testsuite hostname="Asus_KJP" failures="0" tests="2" name="TestNG.DataProviderex2" time="117.233" errors="0" timestamp="2024-10-14T20:34:24 PDT" skipped="0">
  <testcase classname="TestNG.DataProviderex2" name="organizationModuleTest" time="32.940"/>
  <testcase classname="TestNG.DataProviderex2" name="organizationModuleTest" time="84.293"/>
</testsuite> <!-- TestNG.DataProviderex2 -->
