<?xml version="1.0" encoding="UTF-8"?>
<!-- Generated by org.testng.reporters.JUnitReportReporter -->
<testsuite hostname="Asus_KJP" failures="0" tests="3" name="TestNG.DataProvider3" time="103.924" errors="0" timestamp="2024-10-15T23:11:52 PDT" skipped="0">
  <testcase classname="TestNG.DataProvider3" name="organizationModuleTest" time="35.722"/>
  <testcase classname="TestNG.DataProvider3" name="organizationModuleTest" time="34.680"/>
  <testcase classname="TestNG.DataProvider3" name="organizationModuleTest" time="33.522"/>
</testsuite> <!-- TestNG.DataProvider3 -->
